# JRE version: Java(TM) SE Runtime Environment (8.0_131-b11) (build 1.8.0_131-b11)
# Java VM: Java HotSpot(TM) 64-Bit Server VM (25.131-b11 mixed mode windows-amd64 compressed oops)
Heap:
 PSYoungGen      total 233472K, used 10027K [0x00000000d5c00000, 0x00000000eb900000, 0x0000000100000000)
  eden space 216064K, 0% used [0x00000000d5c00000,0x00000000d5c00000,0x00000000e2f00000)
  from space 17408K, 57% used [0x00000000e2f00000,0x00000000e38cafe0,0x00000000e4000000)
  to   space 17408K, 0% used [0x00000000ea800000,0x00000000ea800000,0x00000000eb900000)
 ParOldGen       total 46080K, used 20611K [0x0000000081400000, 0x0000000084100000, 0x00000000d5c00000)
  object space 46080K, 44% used [0x0000000081400000,0x0000000082820fc0,0x0000000084100000)
 Metaspace       used 34098K, capacity 35460K, committed 35496K, reserved 1079296K
  class space    used 4560K, capacity 4848K, committed 4864K, reserved 1048576K
GC Heap History (10 events):
Event: 6.159 GC heap after
Heap after GC invocations=6 (full 1):
 PSYoungGen      total 71680K, used 0K [0x00000000d5c00000, 0x00000000def00000, 0x0000000100000000)
  eden space 66560K, 0% used [0x00000000d5c00000,0x00000000d5c00000,0x00000000d9d00000)
  from space 5120K, 0% used [0x00000000d9d00000,0x00000000d9d00000,0x00000000da200000)
  to   space 8704K, 0% used [0x00000000de680000,0x00000000de680000,0x00000000def00000)
 ParOldGen       total 46080K, used 5092K [0x0000000081400000, 0x0000000084100000, 0x00000000d5c00000)
  object space 46080K, 11% used [0x0000000081400000,0x00000000818f92e8,0x0000000084100000)
 Metaspace       used 20562K, capacity 21152K, committed 21296K, reserved 1067008K
  class space    used 2753K, capacity 2914K, committed 2944K, reserved 1048576K
}
Event: 8.161 GC heap before
{Heap before GC invocations=7 (full 1):
 PSYoungGen      total 71680K, used 66524K [0x00000000d5c00000, 0x00000000def00000, 0x0000000100000000)
  eden space 66560K, 99% used [0x00000000d5c00000,0x00000000d9cf7348,0x00000000d9d00000)
  from space 5120K, 0% used [0x00000000d9d00000,0x00000000d9d00000,0x00000000da200000)
  to   space 8704K, 0% used [0x00000000de680000,0x00000000de680000,0x00000000def00000)
 ParOldGen       total 46080K, used 5092K [0x0000000081400000, 0x0000000084100000, 0x00000000d5c00000)
  object space 46080K, 11% used [0x0000000081400000,0x00000000818f92e8,0x0000000084100000)
 Metaspace       used 22992K, capacity 23690K, committed 23808K, reserved 1069056K
  class space    used 3115K, capacity 3301K, committed 3328K, reserved 1048576K
Event: 8.188 GC heap after
Heap after GC invocations=7 (full 1):
 PSYoungGen      total 130560K, used 8092K [0x00000000d5c00000, 0x00000000dee80000, 0x0000000100000000)
  eden space 122368K, 0% used [0x00000000d5c00000,0x00000000d5c00000,0x00000000dd380000)
  from space 8192K, 98% used [0x00000000de680000,0x00000000dee67298,0x00000000dee80000)
  to   space 9728K, 0% used [0x00000000ddb80000,0x00000000ddb80000,0x00000000de500000)
 ParOldGen       total 46080K, used 5164K [0x0000000081400000, 0x0000000084100000, 0x00000000d5c00000)
  object space 46080K, 11% used [0x0000000081400000,0x000000008190b2f8,0x0000000084100000)
 Metaspace       used 22992K, capacity 23690K, committed 23808K, reserved 1069056K
  class space    used 3115K, capacity 3301K, committed 3328K, reserved 1048576K
}
Event: 11.364 GC heap before
{Heap before GC invocations=8 (full 1):
 PSYoungGen      total 130560K, used 130460K [0x00000000d5c00000, 0x00000000dee80000, 0x0000000100000000)
  eden space 122368K, 100% used [0x00000000d5c00000,0x00000000dd380000,0x00000000dd380000)
  from space 8192K, 98% used [0x00000000de680000,0x00000000dee67298,0x00000000dee80000)
  to   space 9728K, 0% used [0x00000000ddb80000,0x00000000ddb80000,0x00000000de500000)
 ParOldGen       total 46080K, used 5164K [0x0000000081400000, 0x0000000084100000, 0x00000000d5c00000)
  object space 46080K, 11% used [0x0000000081400000,0x000000008190b2f8,0x0000000084100000)
 Metaspace       used 27164K, capacity 28144K, committed 28416K, reserved 1073152K
  class space    used 3738K, capacity 3976K, committed 4096K, reserved 1048576K
Event: 11.387 GC heap after
Heap after GC invocations=8 (full 1):
 PSYoungGen      total 140288K, used 9718K [0x00000000d5c00000, 0x00000000e4d80000, 0x0000000100000000)
  eden space 130560K, 0% used [0x00000000d5c00000,0x00000000d5c00000,0x00000000ddb80000)
  from space 9728K, 99% used [0x00000000ddb80000,0x00000000de4fdad0,0x00000000de500000)
  to   space 13824K, 0% used [0x00000000e4000000,0x00000000e4000000,0x00000000e4d80000)
 ParOldGen       total 46080K, used 10827K [0x0000000081400000, 0x0000000084100000, 0x00000000d5c00000)
  object space 46080K, 23% used [0x0000000081400000,0x0000000081e92eb8,0x0000000084100000)
 Metaspace       used 27164K, capacity 28144K, committed 28416K, reserved 1073152K
  class space    used 3738K, capacity 3976K, committed 4096K, reserved 1048576K
}
Event: 14.096 GC heap before
{Heap before GC invocations=9 (full 1):
 PSYoungGen      total 140288K, used 140278K [0x00000000d5c00000, 0x00000000e4d80000, 0x0000000100000000)
  eden space 130560K, 100% used [0x00000000d5c00000,0x00000000ddb80000,0x00000000ddb80000)
  from space 9728K, 99% used [0x00000000ddb80000,0x00000000de4fdad0,0x00000000de500000)
  to   space 13824K, 0% used [0x00000000e4000000,0x00000000e4000000,0x00000000e4d80000)
 ParOldGen       total 46080K, used 10827K [0x0000000081400000, 0x0000000084100000, 0x00000000d5c00000)
  object space 46080K, 23% used [0x0000000081400000,0x0000000081e92eb8,0x0000000084100000)
 Metaspace       used 32933K, capacity 34314K, committed 34432K, reserved 1079296K
  class space    used 4396K, capacity 4683K, committed 4736K, reserved 1048576K
Event: 14.122 GC heap after
Heap after GC invocations=9 (full 1):
 PSYoungGen      total 229888K, used 13810K [0x00000000d5c00000, 0x00000000e5e00000, 0x0000000100000000)
  eden space 216064K, 0% used [0x00000000d5c00000,0x00000000d5c00000,0x00000000e2f00000)
  from space 13824K, 99% used [0x00000000e4000000,0x00000000e4d7cb40,0x00000000e4d80000)
  to   space 17408K, 0% used [0x00000000e2f00000,0x00000000e2f00000,0x00000000e4000000)
 ParOldGen       total 46080K, used 15102K [0x0000000081400000, 0x0000000084100000, 0x00000000d5c00000)
  object space 46080K, 32% used [0x0000000081400000,0x00000000822bf940,0x0000000084100000)
 Metaspace       used 32933K, capacity 34314K, committed 34432K, reserved 1079296K
  class space    used 4396K, capacity 4683K, committed 4736K, reserved 1048576K
}
Event: 14.311 GC heap before
{Heap before GC invocations=10 (full 1):
 PSYoungGen      total 229888K, used 31018K [0x00000000d5c00000, 0x00000000e5e00000, 0x0000000100000000)
  eden space 216064K, 7% used [0x00000000d5c00000,0x00000000d6ccdd80,0x00000000e2f00000)
  from space 13824K, 99% used [0x00000000e4000000,0x00000000e4d7cb40,0x00000000e4d80000)
  to   space 17408K, 0% used [0x00000000e2f00000,0x00000000e2f00000,0x00000000e4000000)
 ParOldGen       total 46080K, used 15102K [0x0000000081400000, 0x0000000084100000, 0x00000000d5c00000)
  object space 46080K, 32% used [0x0000000081400000,0x00000000822bf940,0x0000000084100000)
 Metaspace       used 34098K, capacity 35460K, committed 35496K, reserved 1079296K
  class space    used 4560K, capacity 4848K, committed 4864K, reserved 1048576K
Event: 14.336 GC heap after
Heap after GC invocations=10 (full 1):
 PSYoungGen      total 233472K, used 10027K [0x00000000d5c00000, 0x00000000eb900000, 0x0000000100000000)
  eden space 216064K, 0% used [0x00000000d5c00000,0x00000000d5c00000,0x00000000e2f00000)
  from space 17408K, 57% used [0x00000000e2f00000,0x00000000e38cafe0,0x00000000e4000000)
  to   space 17408K, 0% used [0x00000000ea800000,0x00000000ea800000,0x00000000eb900000)
 ParOldGen       total 46080K, used 20611K [0x0000000081400000, 0x0000000084100000, 0x00000000d5c00000)
  object space 46080K, 44% used [0x0000000081400000,0x0000000082820fc0,0x0000000084100000)
 Metaspace       used 34098K, capacity 35460K, committed 35496K, reserved 1079296K
  class space    used 4560K, capacity 4848K, committed 4864K, reserved 1048576K
}
Event: 14.336 GC heap before
{Heap before GC invocations=11 (full 2):
 PSYoungGen      total 233472K, used 10027K [0x00000000d5c00000, 0x00000000eb900000, 0x0000000100000000)
  eden space 216064K, 0% used [0x00000000d5c00000,0x00000000d5c00000,0x00000000e2f00000)
  from space 17408K, 57% used [0x00000000e2f00000,0x00000000e38cafe0,0x00000000e4000000)
  to   space 17408K, 0% used [0x00000000ea800000,0x00000000ea800000,0x00000000eb900000)
 ParOldGen       total 46080K, used 20611K [0x0000000081400000, 0x0000000084100000, 0x00000000d5c00000)
  object space 46080K, 44% used [0x0000000081400000,0x0000000082820fc0,0x0000000084100000)
 Metaspace       used 34098K, capacity 35460K, committed 35496K, reserved 1079296K
  class space    used 4560K, capacity 4848K, committed 4864K, reserved 1048576K

